0 info it worked if it ends with ok
1 verbose cli [ 'C:\\nodeVersionManager\\roaming\\node.exe',
1 verbose cli   'C:\\nodeVersionManager\\roaming\\node_modules\\npm\\bin\\npm-cli.js',
1 verbose cli   'run',
1 verbose cli   'dev' ]
2 info using npm@3.10.10
3 info using node@v6.11.1
4 verbose run-script [ 'predev', 'dev', 'postdev' ]
5 info lifecycle gig-tracker-server@1.0.0~predev: gig-tracker-server@1.0.0
6 silly lifecycle gig-tracker-server@1.0.0~predev: no script for predev, continuing
7 info lifecycle gig-tracker-server@1.0.0~dev: gig-tracker-server@1.0.0
8 verbose lifecycle gig-tracker-server@1.0.0~dev: unsafe-perm in lifecycle true
9 verbose lifecycle gig-tracker-server@1.0.0~dev: PATH: C:\nodeVersionManager\nodejs\v6.11.1\node_modules\npm\bin\node-gyp-bin;C:\Users\Tony Oliver-Paull\code\GigTracker\gig-tracker\server\node_modules\.bin;C:\Users\Tony Oliver-Paull\bin;C:\Program Files (x86)\Git\mingw32\bin;C:\Program Files (x86)\Git\usr\local\bin;C:\Program Files (x86)\Git\usr\bin;C:\Program Files (x86)\Git\usr\bin;C:\Program Files (x86)\Git\mingw32\bin;C:\Program Files (x86)\Git\usr\bin;C:\Users\Tony Oliver-Paull\bin;C:\WINDOWS\system32;C:\WINDOWS;C:\WINDOWS\System32\Wbem;C:\WINDOWS\System32\WindowsPowerShell\v1.0;C:\WINDOWS\System32\OpenSSH;C:\Program Files\Microsoft VS Code\bin;C:\Program Files\PuTTY;C:\Program Files (x86)\Yarn\bin;C:\Program Files\PostgreSQL\10\bin;C:\Program Files\PostgreSQL\10\lib;C:\Go\bin;C:\nodeVersionManager\nodejs;C:\nodeVersionManager\roaming;C:\wamp64\bin\php\php7.1.9;C:\wamp64\bin\mysql\mysql5.7.19;C:\Users\Tony Oliver-Paull\AppData\Local\Programs\Python\Python36-32\Scripts;C:\Users\Tony Oliver-Paull\AppData\Local\Programs\Python\Python36-32;C:\Users\Tony Oliver-Paull\AppData\Local\Microsoft\WindowsApps;C:\Users\Tony Oliver-Paull\AppData\Local\atom\bin;C:\Program Files\Heroku\bin;C:\Program Files\Microsoft VS Code\bin;C:\Users\Tony Oliver-Paull\AppData\Local\Microsoft\WindowsApps;C:\Users\Tony Oliver-Paull\AppData\Local\Programs\Microsoft VS Code\bin;C:\Users\Tony Oliver-Paull\AppData\Local\Yarn\bin;C:\Users\Tony Oliver-Paull\AppData\Local\GitHubDesktop\bin;C:\Users\Tony Oliver-Paull\go\bin;C:\Program Files\Docker Toolbox;C:\nodeVersionManager\nodejs;C:\nodeVersionManager\roaming;C:\Program Files (x86)\Git\usr\bin\vendor_perl;C:\Program Files (x86)\Git\usr\bin\core_perl
10 verbose lifecycle gig-tracker-server@1.0.0~dev: CWD: C:\Users\Tony Oliver-Paull\code\GigTracker\gig-tracker\server
11 silly lifecycle gig-tracker-server@1.0.0~dev: Args: [ '/d /s /c', 'nodemon index.js' ]
12 silly lifecycle gig-tracker-server@1.0.0~dev: Returned: code: 1  signal: null
13 info lifecycle gig-tracker-server@1.0.0~dev: Failed to exec dev script
14 verbose stack Error: gig-tracker-server@1.0.0 dev: `nodemon index.js`
14 verbose stack Exit status 1
14 verbose stack     at EventEmitter.<anonymous> (C:\nodeVersionManager\nodejs\v6.11.1\node_modules\npm\lib\utils\lifecycle.js:255:16)
14 verbose stack     at emitTwo (events.js:106:13)
14 verbose stack     at EventEmitter.emit (events.js:191:7)
14 verbose stack     at ChildProcess.<anonymous> (C:\nodeVersionManager\nodejs\v6.11.1\node_modules\npm\lib\utils\spawn.js:40:14)
14 verbose stack     at emitTwo (events.js:106:13)
14 verbose stack     at ChildProcess.emit (events.js:191:7)
14 verbose stack     at maybeClose (internal/child_process.js:891:16)
14 verbose stack     at Process.ChildProcess._handle.onexit (internal/child_process.js:226:5)
15 verbose pkgid gig-tracker-server@1.0.0
16 verbose cwd C:\Users\Tony Oliver-Paull\code\GigTracker\gig-tracker\server
17 error Windows_NT 10.0.17134
18 error argv "C:\\nodeVersionManager\\roaming\\node.exe" "C:\\nodeVersionManager\\roaming\\node_modules\\npm\\bin\\npm-cli.js" "run" "dev"
19 error node v6.11.1
20 error npm  v3.10.10
21 error code ELIFECYCLE
22 error gig-tracker-server@1.0.0 dev: `nodemon index.js`
22 error Exit status 1
23 error Failed at the gig-tracker-server@1.0.0 dev script 'nodemon index.js'.
23 error Make sure you have the latest version of node.js and npm installed.
23 error If you do, this is most likely a problem with the gig-tracker-server package,
23 error not with npm itself.
23 error Tell the author that this fails on your system:
23 error     nodemon index.js
23 error You can get information on how to open an issue for this project with:
23 error     npm bugs gig-tracker-server
23 error Or if that isn't available, you can get their info via:
23 error     npm owner ls gig-tracker-server
23 error There is likely additional logging output above.
24 verbose exit [ 1, true ]
